<?xml version="1.0" encoding="UTF-8"?>
<testng-results skipped="0" failed="0" ignored="0" total="1" passed="1">
  <reporter-output>
  </reporter-output>
  <suite name="Default suite" duration-ms="57121" started-at="2020-03-01T13:10:55 IST" finished-at="2020-03-01T13:11:52 IST">
    <groups>
    </groups>
    <test name="Default test" duration-ms="57121" started-at="2020-03-01T13:10:55 IST" finished-at="2020-03-01T13:11:52 IST">
      <class name="ABC_news.ABC_AP_News.Abc_Test1">
        <test-method status="PASS" signature="desiredCapabilities()[pri:0, instance:ABC_news.ABC_AP_News.Abc_Test1@1a1d6a08]" name="desiredCapabilities" duration-ms="57096" started-at="2020-03-01T13:10:55 IST" finished-at="2020-03-01T13:11:52 IST">
          <reporter-output>
          </reporter-output>
        </test-method> <!-- desiredCapabilities -->
      </class> <!-- ABC_news.ABC_AP_News.Abc_Test1 -->
    </test> <!-- Default test -->
  </suite> <!-- Default suite -->
</testng-results>
